<?xml version="1.0" encoding="UTF-8"?>
<testsuite xmlns:xsi="http://www.w3.org/2001/XMLSchema-instance" xsi:noNamespaceSchemaLocation="https://maven.apache.org/surefire/maven-surefire-plugin/xsd/surefire-test-report-3.0.xsd" version="3.0" name="cucumber.Options.TestRunner" time="11.313" tests="3" errors="0" skipped="0" failures="0">
  <properties>
    <property name="java.specification.version" value="24"/>
    <property name="sun.cpu.isalist" value="amd64"/>
    <property name="sun.jnu.encoding" value="Cp1252"/>
    <property name="java.class.path" value="C:\Users\seeni\eclipse-workspace\RestAPIProject\target\test-classes;C:\Users\seeni\eclipse-workspace\RestAPIProject\target\classes;C:\Users\seeni\.m2\repository\io\rest-assured\rest-assured\5.5.5\rest-assured-5.5.5.jar;C:\Users\seeni\.m2\repository\org\apache\groovy\groovy\4.0.22\groovy-4.0.22.jar;C:\Users\seeni\.m2\repository\org\apache\groovy\groovy-xml\4.0.22\groovy-xml-4.0.22.jar;C:\Users\seeni\.m2\repository\org\apache\httpcomponents\httpclient\4.5.13\httpclient-4.5.13.jar;C:\Users\seeni\.m2\repository\org\apache\httpcomponents\httpcore\4.4.13\httpcore-4.4.13.jar;C:\Users\seeni\.m2\repository\commons-logging\commons-logging\1.2\commons-logging-1.2.jar;C:\Users\seeni\.m2\repository\commons-codec\commons-codec\1.11\commons-codec-1.11.jar;C:\Users\seeni\.m2\repository\org\apache\httpcomponents\httpmime\4.5.13\httpmime-4.5.13.jar;C:\Users\seeni\.m2\repository\org\hamcrest\hamcrest\2.2\hamcrest-2.2.jar;C:\Users\seeni\.m2\repository\org\ccil\cowan\tagsoup\tagsoup\1.2.1\tagsoup-1.2.1.jar;C:\Users\seeni\.m2\repository\io\rest-assured\json-path\5.5.5\json-path-5.5.5.jar;C:\Users\seeni\.m2\repository\org\apache\groovy\groovy-json\4.0.22\groovy-json-4.0.22.jar;C:\Users\seeni\.m2\repository\io\rest-assured\rest-assured-common\5.5.5\rest-assured-common-5.5.5.jar;C:\Users\seeni\.m2\repository\io\rest-assured\xml-path\5.5.5\xml-path-5.5.5.jar;C:\Users\seeni\.m2\repository\org\apache\commons\commons-lang3\3.16.0\commons-lang3-3.16.0.jar;C:\Users\seeni\.m2\repository\io\cucumber\cucumber-java\7.23.0\cucumber-java-7.23.0.jar;C:\Users\seeni\.m2\repository\io\cucumber\cucumber-core\7.23.0\cucumber-core-7.23.0.jar;C:\Users\seeni\.m2\repository\io\cucumber\cucumber-gherkin\7.23.0\cucumber-gherkin-7.23.0.jar;C:\Users\seeni\.m2\repository\io\cucumber\cucumber-gherkin-messages\7.23.0\cucumber-gherkin-messages-7.23.0.jar;C:\Users\seeni\.m2\repository\io\cucumber\gherkin\32.1.1\gherkin-32.1.1.jar;C:\Users\seeni\.m2\repository\io\cucumber\messages\27.2.0\messages-27.2.0.jar;C:\Users\seeni\.m2\repository\io\cucumber\testng-xml-formatter\0.3.1\testng-xml-formatter-0.3.1.jar;C:\Users\seeni\.m2\repository\io\cucumber\query\13.3.0\query-13.3.0.jar;C:\Users\seeni\.m2\repository\io\cucumber\tag-expressions\6.1.2\tag-expressions-6.1.2.jar;C:\Users\seeni\.m2\repository\io\cucumber\cucumber-expressions\18.0.1\cucumber-expressions-18.0.1.jar;C:\Users\seeni\.m2\repository\io\cucumber\datatable\7.23.0\datatable-7.23.0.jar;C:\Users\seeni\.m2\repository\io\cucumber\cucumber-plugin\7.23.0\cucumber-plugin-7.23.0.jar;C:\Users\seeni\.m2\repository\io\cucumber\docstring\7.23.0\docstring-7.23.0.jar;C:\Users\seeni\.m2\repository\io\cucumber\html-formatter\21.10.1\html-formatter-21.10.1.jar;C:\Users\seeni\.m2\repository\io\cucumber\junit-xml-formatter\0.7.1\junit-xml-formatter-0.7.1.jar;C:\Users\seeni\.m2\repository\io\cucumber\ci-environment\10.0.1\ci-environment-10.0.1.jar;C:\Users\seeni\.m2\repository\org\apiguardian\apiguardian-api\1.1.2\apiguardian-api-1.1.2.jar;C:\Users\seeni\.m2\repository\io\cucumber\cucumber-junit\7.23.0\cucumber-junit-7.23.0.jar;C:\Users\seeni\.m2\repository\junit\junit\4.13.2\junit-4.13.2.jar;C:\Users\seeni\.m2\repository\org\hamcrest\hamcrest-core\1.3\hamcrest-core-1.3.jar;C:\Users\seeni\.m2\repository\com\fasterxml\jackson\core\jackson-databind\2.19.1\jackson-databind-2.19.1.jar;C:\Users\seeni\.m2\repository\com\fasterxml\jackson\core\jackson-annotations\2.19.1\jackson-annotations-2.19.1.jar;C:\Users\seeni\.m2\repository\com\fasterxml\jackson\core\jackson-core\2.19.1\jackson-core-2.19.1.jar;C:\Users\seeni\.m2\repository\tech\grasshopper\extentreports-cucumber7-adapter\1.14.0\extentreports-cucumber7-adapter-1.14.0.jar;C:\Users\seeni\.m2\repository\com\aventstack\extentreports\5.1.0\extentreports-5.1.0.jar;C:\Users\seeni\.m2\repository\io\reactivex\rxjava3\rxjava\3.1.6\rxjava-3.1.6.jar;C:\Users\seeni\.m2\repository\org\reactivestreams\reactive-streams\1.0.4\reactive-streams-1.0.4.jar;C:\Users\seeni\.m2\repository\org\freemarker\freemarker\2.3.32\freemarker-2.3.32.jar;C:\Users\seeni\.m2\repository\org\projectlombok\lombok\1.18.26\lombok-1.18.26.jar;C:\Users\seeni\.m2\repository\com\google\code\gson\gson\2.10.1\gson-2.10.1.jar;C:\Users\seeni\.m2\repository\tech\grasshopper\extent-pdf-report\2.12.0\extent-pdf-report-2.12.0.jar;C:\Users\seeni\.m2\repository\tech\grasshopper\cucumber-pdf-report\2.14.0\cucumber-pdf-report-2.14.0.jar;C:\Users\seeni\.m2\repository\org\apache\pdfbox\pdfbox\2.0.26\pdfbox-2.0.26.jar;C:\Users\seeni\.m2\repository\org\apache\pdfbox\fontbox\2.0.26\fontbox-2.0.26.jar;C:\Users\seeni\.m2\repository\org\knowm\xchart\xchart\3.8.0\xchart-3.8.0.jar;C:\Users\seeni\.m2\repository\de\erichseifert\vectorgraphics2d\VectorGraphics2D\0.13\VectorGraphics2D-0.13.jar;C:\Users\seeni\.m2\repository\de\rototor\pdfbox\graphics2d\0.30\graphics2d-0.30.jar;C:\Users\seeni\.m2\repository\com\madgag\animated-gif-lib\1.4\animated-gif-lib-1.4.jar;C:\Users\seeni\.m2\repository\org\yaml\snakeyaml\2.0\snakeyaml-2.0.jar;C:\Users\seeni\.m2\repository\tech\grasshopper\table-layout\1.5.1\table-layout-1.5.1.jar;C:\Users\seeni\.m2\repository\tech\grasshopper\rest-assured-cucumber-pdf-report\1.5.0\rest-assured-cucumber-pdf-report-1.5.0.jar;C:\Users\seeni\.m2\repository\org\jsoup\jsoup\1.15.3\jsoup-1.15.3.jar;C:\Users\seeni\.m2\repository\com\aventstack\klov-reporter\5.1.0\klov-reporter-5.1.0.jar;C:\Users\seeni\.m2\repository\org\mongodb\mongodb-driver\3.6.4\mongodb-driver-3.6.4.jar;C:\Users\seeni\.m2\repository\org\mongodb\mongodb-driver-core\3.6.4\mongodb-driver-core-3.6.4.jar;C:\Users\seeni\.m2\repository\org\mongodb\bson\3.6.4\bson-3.6.4.jar;C:\Users\seeni\.m2\repository\tech\grasshopper\htmlextentreporter\1.1.0\htmlextentreporter-1.1.0.jar;C:\Users\seeni\.m2\repository\tech\grasshopper\extent-excel-report\1.4.0\extent-excel-report-1.4.0.jar;C:\Users\seeni\.m2\repository\org\apache\poi\poi\5.2.3\poi-5.2.3.jar;C:\Users\seeni\.m2\repository\org\apache\commons\commons-collections4\4.4\commons-collections4-4.4.jar;C:\Users\seeni\.m2\repository\org\apache\commons\commons-math3\3.6.1\commons-math3-3.6.1.jar;C:\Users\seeni\.m2\repository\commons-io\commons-io\2.11.0\commons-io-2.11.0.jar;C:\Users\seeni\.m2\repository\com\zaxxer\SparseBitSet\1.2\SparseBitSet-1.2.jar;C:\Users\seeni\.m2\repository\org\apache\logging\log4j\log4j-api\2.18.0\log4j-api-2.18.0.jar;C:\Users\seeni\.m2\repository\org\apache\poi\poi-ooxml\5.2.3\poi-ooxml-5.2.3.jar;C:\Users\seeni\.m2\repository\org\apache\poi\poi-ooxml-lite\5.2.3\poi-ooxml-lite-5.2.3.jar;C:\Users\seeni\.m2\repository\org\apache\xmlbeans\xmlbeans\5.1.1\xmlbeans-5.1.1.jar;C:\Users\seeni\.m2\repository\org\apache\commons\commons-compress\1.21\commons-compress-1.21.jar;C:\Users\seeni\.m2\repository\com\github\virtuald\curvesapi\1.07\curvesapi-1.07.jar;C:\Users\seeni\.m2\repository\com\google\protobuf\protobuf-java\3.21.12\protobuf-java-3.21.12.jar;"/>
    <property name="java.vm.vendor" value="Oracle Corporation"/>
    <property name="sun.arch.data.model" value="64"/>
    <property name="user.variant" value=""/>
    <property name="java.vendor.url" value="https://java.oracle.com/"/>
    <property name="user.timezone" value="Asia/Calcutta"/>
    <property name="os.name" value="Windows 11"/>
    <property name="java.vm.specification.version" value="24"/>
    <property name="sun.java.launcher" value="SUN_STANDARD"/>
    <property name="user.country" value="IN"/>
    <property name="sun.boot.library.path" value="C:\Program Files\Java\jdk-24\bin"/>
    <property name="sun.java.command" value="C:\Users\seeni\AppData\Local\Temp\surefire17221254593942744885\surefirebooter9030104367768155051.jar C:\Users\seeni\AppData\Local\Temp\surefire17221254593942744885 2025-06-30T11-58-20_286-jvmRun1 surefire14930557577699117277tmp surefire_011562255285295039401tmp"/>
    <property name="jdk.debug" value="release"/>
    <property name="surefire.test.class.path" value="C:\Users\seeni\eclipse-workspace\RestAPIProject\target\test-classes;C:\Users\seeni\eclipse-workspace\RestAPIProject\target\classes;C:\Users\seeni\.m2\repository\io\rest-assured\rest-assured\5.5.5\rest-assured-5.5.5.jar;C:\Users\seeni\.m2\repository\org\apache\groovy\groovy\4.0.22\groovy-4.0.22.jar;C:\Users\seeni\.m2\repository\org\apache\groovy\groovy-xml\4.0.22\groovy-xml-4.0.22.jar;C:\Users\seeni\.m2\repository\org\apache\httpcomponents\httpclient\4.5.13\httpclient-4.5.13.jar;C:\Users\seeni\.m2\repository\org\apache\httpcomponents\httpcore\4.4.13\httpcore-4.4.13.jar;C:\Users\seeni\.m2\repository\commons-logging\commons-logging\1.2\commons-logging-1.2.jar;C:\Users\seeni\.m2\repository\commons-codec\commons-codec\1.11\commons-codec-1.11.jar;C:\Users\seeni\.m2\repository\org\apache\httpcomponents\httpmime\4.5.13\httpmime-4.5.13.jar;C:\Users\seeni\.m2\repository\org\hamcrest\hamcrest\2.2\hamcrest-2.2.jar;C:\Users\seeni\.m2\repository\org\ccil\cowan\tagsoup\tagsoup\1.2.1\tagsoup-1.2.1.jar;C:\Users\seeni\.m2\repository\io\rest-assured\json-path\5.5.5\json-path-5.5.5.jar;C:\Users\seeni\.m2\repository\org\apache\groovy\groovy-json\4.0.22\groovy-json-4.0.22.jar;C:\Users\seeni\.m2\repository\io\rest-assured\rest-assured-common\5.5.5\rest-assured-common-5.5.5.jar;C:\Users\seeni\.m2\repository\io\rest-assured\xml-path\5.5.5\xml-path-5.5.5.jar;C:\Users\seeni\.m2\repository\org\apache\commons\commons-lang3\3.16.0\commons-lang3-3.16.0.jar;C:\Users\seeni\.m2\repository\io\cucumber\cucumber-java\7.23.0\cucumber-java-7.23.0.jar;C:\Users\seeni\.m2\repository\io\cucumber\cucumber-core\7.23.0\cucumber-core-7.23.0.jar;C:\Users\seeni\.m2\repository\io\cucumber\cucumber-gherkin\7.23.0\cucumber-gherkin-7.23.0.jar;C:\Users\seeni\.m2\repository\io\cucumber\cucumber-gherkin-messages\7.23.0\cucumber-gherkin-messages-7.23.0.jar;C:\Users\seeni\.m2\repository\io\cucumber\gherkin\32.1.1\gherkin-32.1.1.jar;C:\Users\seeni\.m2\repository\io\cucumber\messages\27.2.0\messages-27.2.0.jar;C:\Users\seeni\.m2\repository\io\cucumber\testng-xml-formatter\0.3.1\testng-xml-formatter-0.3.1.jar;C:\Users\seeni\.m2\repository\io\cucumber\query\13.3.0\query-13.3.0.jar;C:\Users\seeni\.m2\repository\io\cucumber\tag-expressions\6.1.2\tag-expressions-6.1.2.jar;C:\Users\seeni\.m2\repository\io\cucumber\cucumber-expressions\18.0.1\cucumber-expressions-18.0.1.jar;C:\Users\seeni\.m2\repository\io\cucumber\datatable\7.23.0\datatable-7.23.0.jar;C:\Users\seeni\.m2\repository\io\cucumber\cucumber-plugin\7.23.0\cucumber-plugin-7.23.0.jar;C:\Users\seeni\.m2\repository\io\cucumber\docstring\7.23.0\docstring-7.23.0.jar;C:\Users\seeni\.m2\repository\io\cucumber\html-formatter\21.10.1\html-formatter-21.10.1.jar;C:\Users\seeni\.m2\repository\io\cucumber\junit-xml-formatter\0.7.1\junit-xml-formatter-0.7.1.jar;C:\Users\seeni\.m2\repository\io\cucumber\ci-environment\10.0.1\ci-environment-10.0.1.jar;C:\Users\seeni\.m2\repository\org\apiguardian\apiguardian-api\1.1.2\apiguardian-api-1.1.2.jar;C:\Users\seeni\.m2\repository\io\cucumber\cucumber-junit\7.23.0\cucumber-junit-7.23.0.jar;C:\Users\seeni\.m2\repository\junit\junit\4.13.2\junit-4.13.2.jar;C:\Users\seeni\.m2\repository\org\hamcrest\hamcrest-core\1.3\hamcrest-core-1.3.jar;C:\Users\seeni\.m2\repository\com\fasterxml\jackson\core\jackson-databind\2.19.1\jackson-databind-2.19.1.jar;C:\Users\seeni\.m2\repository\com\fasterxml\jackson\core\jackson-annotations\2.19.1\jackson-annotations-2.19.1.jar;C:\Users\seeni\.m2\repository\com\fasterxml\jackson\core\jackson-core\2.19.1\jackson-core-2.19.1.jar;C:\Users\seeni\.m2\repository\tech\grasshopper\extentreports-cucumber7-adapter\1.14.0\extentreports-cucumber7-adapter-1.14.0.jar;C:\Users\seeni\.m2\repository\com\aventstack\extentreports\5.1.0\extentreports-5.1.0.jar;C:\Users\seeni\.m2\repository\io\reactivex\rxjava3\rxjava\3.1.6\rxjava-3.1.6.jar;C:\Users\seeni\.m2\repository\org\reactivestreams\reactive-streams\1.0.4\reactive-streams-1.0.4.jar;C:\Users\seeni\.m2\repository\org\freemarker\freemarker\2.3.32\freemarker-2.3.32.jar;C:\Users\seeni\.m2\repository\org\projectlombok\lombok\1.18.26\lombok-1.18.26.jar;C:\Users\seeni\.m2\repository\com\google\code\gson\gson\2.10.1\gson-2.10.1.jar;C:\Users\seeni\.m2\repository\tech\grasshopper\extent-pdf-report\2.12.0\extent-pdf-report-2.12.0.jar;C:\Users\seeni\.m2\repository\tech\grasshopper\cucumber-pdf-report\2.14.0\cucumber-pdf-report-2.14.0.jar;C:\Users\seeni\.m2\repository\org\apache\pdfbox\pdfbox\2.0.26\pdfbox-2.0.26.jar;C:\Users\seeni\.m2\repository\org\apache\pdfbox\fontbox\2.0.26\fontbox-2.0.26.jar;C:\Users\seeni\.m2\repository\org\knowm\xchart\xchart\3.8.0\xchart-3.8.0.jar;C:\Users\seeni\.m2\repository\de\erichseifert\vectorgraphics2d\VectorGraphics2D\0.13\VectorGraphics2D-0.13.jar;C:\Users\seeni\.m2\repository\de\rototor\pdfbox\graphics2d\0.30\graphics2d-0.30.jar;C:\Users\seeni\.m2\repository\com\madgag\animated-gif-lib\1.4\animated-gif-lib-1.4.jar;C:\Users\seeni\.m2\repository\org\yaml\snakeyaml\2.0\snakeyaml-2.0.jar;C:\Users\seeni\.m2\repository\tech\grasshopper\table-layout\1.5.1\table-layout-1.5.1.jar;C:\Users\seeni\.m2\repository\tech\grasshopper\rest-assured-cucumber-pdf-report\1.5.0\rest-assured-cucumber-pdf-report-1.5.0.jar;C:\Users\seeni\.m2\repository\org\jsoup\jsoup\1.15.3\jsoup-1.15.3.jar;C:\Users\seeni\.m2\repository\com\aventstack\klov-reporter\5.1.0\klov-reporter-5.1.0.jar;C:\Users\seeni\.m2\repository\org\mongodb\mongodb-driver\3.6.4\mongodb-driver-3.6.4.jar;C:\Users\seeni\.m2\repository\org\mongodb\mongodb-driver-core\3.6.4\mongodb-driver-core-3.6.4.jar;C:\Users\seeni\.m2\repository\org\mongodb\bson\3.6.4\bson-3.6.4.jar;C:\Users\seeni\.m2\repository\tech\grasshopper\htmlextentreporter\1.1.0\htmlextentreporter-1.1.0.jar;C:\Users\seeni\.m2\repository\tech\grasshopper\extent-excel-report\1.4.0\extent-excel-report-1.4.0.jar;C:\Users\seeni\.m2\repository\org\apache\poi\poi\5.2.3\poi-5.2.3.jar;C:\Users\seeni\.m2\repository\org\apache\commons\commons-collections4\4.4\commons-collections4-4.4.jar;C:\Users\seeni\.m2\repository\org\apache\commons\commons-math3\3.6.1\commons-math3-3.6.1.jar;C:\Users\seeni\.m2\repository\commons-io\commons-io\2.11.0\commons-io-2.11.0.jar;C:\Users\seeni\.m2\repository\com\zaxxer\SparseBitSet\1.2\SparseBitSet-1.2.jar;C:\Users\seeni\.m2\repository\org\apache\logging\log4j\log4j-api\2.18.0\log4j-api-2.18.0.jar;C:\Users\seeni\.m2\repository\org\apache\poi\poi-ooxml\5.2.3\poi-ooxml-5.2.3.jar;C:\Users\seeni\.m2\repository\org\apache\poi\poi-ooxml-lite\5.2.3\poi-ooxml-lite-5.2.3.jar;C:\Users\seeni\.m2\repository\org\apache\xmlbeans\xmlbeans\5.1.1\xmlbeans-5.1.1.jar;C:\Users\seeni\.m2\repository\org\apache\commons\commons-compress\1.21\commons-compress-1.21.jar;C:\Users\seeni\.m2\repository\com\github\virtuald\curvesapi\1.07\curvesapi-1.07.jar;C:\Users\seeni\.m2\repository\com\google\protobuf\protobuf-java\3.21.12\protobuf-java-3.21.12.jar;"/>
    <property name="sun.cpu.endian" value="little"/>
    <property name="user.home" value="C:\Users\seeni"/>
    <property name="user.language" value="en"/>
    <property name="java.specification.vendor" value="Oracle Corporation"/>
    <property name="java.version.date" value="2025-04-15"/>
    <property name="java.home" value="C:\Program Files\Java\jdk-24"/>
    <property name="file.separator" value="\"/>
    <property name="basedir" value="C:\Users\seeni\eclipse-workspace\RestAPIProject"/>
    <property name="java.vm.compressedOopsMode" value="32-bit"/>
    <property name="line.separator" value="&#10;"/>
    <property name="java.vm.specification.vendor" value="Oracle Corporation"/>
    <property name="java.specification.name" value="Java Platform API Specification"/>
    <property name="surefire.real.class.path" value="C:\Users\seeni\AppData\Local\Temp\surefire17221254593942744885\surefirebooter9030104367768155051.jar"/>
    <property name="user.script" value=""/>
    <property name="sun.management.compiler" value="HotSpot 64-Bit Tiered Compilers"/>
    <property name="java.runtime.version" value="24.0.1+9-30"/>
    <property name="user.name" value="seeni"/>
    <property name="stdout.encoding" value="Cp1252"/>
    <property name="path.separator" value=";"/>
    <property name="os.version" value="10.0"/>
    <property name="java.runtime.name" value="Java(TM) SE Runtime Environment"/>
    <property name="file.encoding" value="UTF-8"/>
    <property name="java.vm.name" value="Java HotSpot(TM) 64-Bit Server VM"/>
    <property name="localRepository" value="C:\Users\seeni\.m2\repository"/>
    <property name="java.vendor.url.bug" value="https://bugreport.java.com/bugreport/"/>
    <property name="java.io.tmpdir" value="C:\Users\seeni\AppData\Local\Temp\"/>
    <property name="java.version" value="24.0.1"/>
    <property name="user.dir" value="C:\Users\seeni\eclipse-workspace\RestAPIProject"/>
    <property name="os.arch" value="amd64"/>
    <property name="java.vm.specification.name" value="Java Virtual Machine Specification"/>
    <property name="sun.os.patch.level" value=""/>
    <property name="native.encoding" value="Cp1252"/>
    <property name="java.library.path" value="C:\Program Files\Java\jdk-24\bin;C:\WINDOWS\Sun\Java\bin;C:\WINDOWS\system32;C:\WINDOWS;C:\Program Files\Common Files\Oracle\Java\javapath;C:\Windows\system32;C:\Windows;C:\Windows\System32\Wbem;C:\Windows\System32\WindowsPowerShell\v1.0\;C:\Windows\System32\OpenSSH\;C:\Program Files\MySQL\MySQL Server 8.0\bin;C:\Program Files\HP\HP One Agent;C:\Program Files\nodejs\;C:\ProgramData\chocolatey\bin;C:\Program Files\apache-maven-3.9.7\bin;C:\Program Files\Git\cmd;C:\WINDOWS\system32;C:\WINDOWS;C:\WINDOWS\System32\Wbem;C:\WINDOWS\System32\WindowsPowerShell\v1.0\;C:\WINDOWS\System32\OpenSSH\;C:\Program Files\nodejs\node_modules\npm\bin;C:\Users\seeni\AppData\Local\Android\Sdk\platform-tools;C:\Users\seeni\AppData\Local\Android\Sdk\emulator;C:\Program Files\MySQL\MySQL Shell 8.0\bin\;C:\Users\seeni\AppData\Local\Programs\Python\Launcher\;C:\Users\seeni\AppData\Local\Microsoft\WindowsApps;C:\Users\seeni\AppData\Local\Programs\Microsoft VS Code\bin;C:\Program Files\JetBrains\IntelliJ IDEA 2023.3.2\bin;;C:\Users\seeni\AppData\Roaming\npm;;."/>
    <property name="java.vm.info" value="mixed mode, sharing"/>
    <property name="stderr.encoding" value="Cp1252"/>
    <property name="java.vendor" value="Oracle Corporation"/>
    <property name="java.vm.version" value="24.0.1+9-30"/>
    <property name="sun.io.unicode.encoding" value="UnicodeLittle"/>
    <property name="java.class.version" value="68.0"/>
  </properties>
  <testcase name="Verify if Place is being Succesfully added using AddPlaceAPI #1" classname="Validating Place API&apos;s" time="5.318">
    <system-out><![CDATA[
@AddPlace @Regression
Scenario Outline: Verify if Place is being Succesfully added using AddPlaceAPI # src/test/java/features/placeValidations.feature:13
  Given Add Place Payload with "AAhouse"  "English" "World cross center"       # stepDefinations.StepDefination.add_Place_Payload_with(java.lang.String,java.lang.String,java.lang.String)
/maps/api/place/add/json
  When user calls "AddPlaceAPI" with "POST" http request                       # stepDefinations.StepDefination.user_calls_with_http_request(java.lang.String,java.lang.String)
  Then the API call got success with status code 200                           # stepDefinations.StepDefination.the_API_call_got_success_with_status_code(java.lang.Integer)
  And "status" in response body is "OK"                                        # stepDefinations.StepDefination.in_response_body_is(java.lang.String,java.lang.String)
  And "scope" in response body is "APP"                                        # stepDefinations.StepDefination.in_response_body_is(java.lang.String,java.lang.String)
/maps/api/place/get/json
  And verify place_Id created maps to "AAhouse" using "getPlaceAPI"            # stepDefinations.StepDefination.verify_place_Id_created_maps_to_using(java.lang.String,java.lang.String)
]]></system-out>
  </testcase>
  <testcase name="Verify if Place is being Succesfully added using AddPlaceAPI #2" classname="Validating Place API&apos;s" time="2.003">
    <system-out><![CDATA[
@AddPlace @Regression
Scenario Outline: Verify if Place is being Succesfully added using AddPlaceAPI # src/test/java/features/placeValidations.feature:14
  Given Add Place Payload with "BBhouse"  "Spanish" "Sea cross center"         # stepDefinations.StepDefination.add_Place_Payload_with(java.lang.String,java.lang.String,java.lang.String)
/maps/api/place/add/json
  When user calls "AddPlaceAPI" with "POST" http request                       # stepDefinations.StepDefination.user_calls_with_http_request(java.lang.String,java.lang.String)
  Then the API call got success with status code 200                           # stepDefinations.StepDefination.the_API_call_got_success_with_status_code(java.lang.Integer)
  And "status" in response body is "OK"                                        # stepDefinations.StepDefination.in_response_body_is(java.lang.String,java.lang.String)
  And "scope" in response body is "APP"                                        # stepDefinations.StepDefination.in_response_body_is(java.lang.String,java.lang.String)
/maps/api/place/get/json
  And verify place_Id created maps to "BBhouse" using "getPlaceAPI"            # stepDefinations.StepDefination.verify_place_Id_created_maps_to_using(java.lang.String,java.lang.String)
]]></system-out>
  </testcase>
  <testcase name="Verify if Delete Place functionality is working" classname="Validating Place API&apos;s" time="2.26">
    <system-out><![CDATA[
@DeletePlace @Regression
Scenario: Verify if Delete Place functionality is working   # src/test/java/features/placeValidations.feature:17
  Given DeletePlace Payload                                 # stepDefinations.StepDefination.deleteplace_Payload()
/maps/api/place/delete/json
  When user calls "deletePlaceAPI" with "POST" http request # stepDefinations.StepDefination.user_calls_with_http_request(java.lang.String,java.lang.String)
  Then the API call got success with status code 200        # stepDefinations.StepDefination.the_API_call_got_success_with_status_code(java.lang.Integer)
  And "status" in response body is "OK"                     # stepDefinations.StepDefination.in_response_body_is(java.lang.String,java.lang.String)
]]></system-out>
  </testcase>
</testsuite>